#
# There is insufficient memory for the Java Runtime Environment to continue.
# Native memory allocation (malloc) failed to allocate 100576 bytes for Chunk::new
# Possible reasons:
#   The system is out of physical RAM or swap space
#   The process is running with CompressedOops enabled, and the Java Heap may be blocking the growth of the native heap
# Possible solutions:
#   Reduce memory load on the system
#   Increase physical memory or swap space
#   Check if swap backing store is full
#   Decrease Java heap size (-Xmx/-Xms)
#   Decrease number of Java threads
#   Decrease Java thread stack sizes (-Xss)
#   Set larger code cache with -XX:ReservedCodeCacheSize=
#   JVM is running with Unscaled Compressed Oops mode in which the Java heap is
#     placed in the first 4GB address space. The Java Heap base address is the
#     maximum limit for the native heap growth. Please use -XX:HeapBaseMinAddress
#     to set the Java Heap base and to place the Java Heap above 4GB virtual address.
# This output file may be truncated or incomplete.
#
#  Out of Memory Error (./open/src/hotspot/share/memory/arena.cpp:197), pid=4360, tid=16344
#
# JRE version: Java(TM) SE Runtime Environment 18.9 (11.0.15.1+2) (build 11.0.15.1+2-LTS-10)
# Java VM: Java HotSpot(TM) 64-Bit Server VM 18.9 (11.0.15.1+2-LTS-10, mixed mode, tiered, compressed oops, g1 gc, windows-amd64)
# No core dump will be written. Minidumps are not enabled by default on client versions of Windows
#

---------------  S U M M A R Y ------------

Command Line: -Xmx64m -Xms64m -Dorg.gradle.appname=gradlew org.gradle.wrapper.GradleWrapperMain app:installDebug -PreactNativeDevServerPort=8081

Host: AMD Ryzen 5 3500U with Radeon Vega Mobile Gfx  , 8 cores, 5G,  Windows 11 , 64 bit Build 22621 (10.0.22621.1194)
Time: Sat Mar 11 13:41:29 2023 Hora Padrão de Buenos Aires elapsed time: 0.744134 seconds (0d 0h 0m 0s)

---------------  T H R E A D  ---------------

Current thread (0x0000020fdfa59000):  JavaThread "C2 CompilerThread0" daemon [_thread_in_native, id=16344, stack(0x000000a804600000,0x000000a804700000)]


Current CompileTask:
C2:    744  637       4       java.util.zip.ZipFile$Source::getEntryPos (206 bytes)

Stack: [0x000000a804600000,0x000000a804700000]
Native frames: (J=compiled Java code, j=interpreted, Vv=VM code, C=native code)
V  [jvm.dll+0x629d8a]
V  [jvm.dll+0x7638ff]
V  [jvm.dll+0x764fa9]
V  [jvm.dll+0x765633]
V  [jvm.dll+0x23d9c8]
V  [jvm.dll+0xb2a1c]
V  [jvm.dll+0xb2fdc]
V  [jvm.dll+0x2ae744]
V  [jvm.dll+0x53d4c6]
V  [jvm.dll+0x1fa1b1]
V  [jvm.dll+0x1f762d]
V  [jvm.dll+0x177c51]
V  [jvm.dll+0x207026]
V  [jvm.dll+0x2051bb]
V  [jvm.dll+0x729820]
V  [jvm.dll+0x7223f4]
V  [jvm.dll+0x628c26]
C  [ucrtbase.dll+0x29363]
C  [KERNEL32.DLL+0x126bd]
C  [ntdll.dll+0x5dfb8]


---------------  P R O C E S S  ---------------

Threads class SMR info:
_java_thread_list=0x0000020fe04de170, length=10, elements={
0x0000020fc6419000, 0x0000020fdf9f0000, 0x0000020fdf9fa800, 0x0000020fdfa52800,
0x0000020fdfa57000, 0x0000020fdfa58000, 0x0000020fdfa59000, 0x0000020fdfa5d800,
0x0000020fdfa69000, 0x0000020fe0500000
}

Java Threads: ( => current thread )
  0x0000020fc6419000 JavaThread "main" [_thread_in_vm, id=5328, stack(0x000000a803a00000,0x000000a803b00000)]
  0x0000020fdf9f0000 JavaThread "Reference Handler" daemon [_thread_blocked, id=19552, stack(0x000000a804100000,0x000000a804200000)]
  0x0000020fdf9fa800 JavaThread "Finalizer" daemon [_thread_blocked, id=12724, stack(0x000000a804200000,0x000000a804300000)]
  0x0000020fdfa52800 JavaThread "Signal Dispatcher" daemon [_thread_blocked, id=17324, stack(0x000000a804300000,0x000000a804400000)]
  0x0000020fdfa57000 JavaThread "Attach Listener" daemon [_thread_blocked, id=15736, stack(0x000000a804400000,0x000000a804500000)]
  0x0000020fdfa58000 JavaThread "Service Thread" daemon [_thread_blocked, id=9052, stack(0x000000a804500000,0x000000a804600000)]
=>0x0000020fdfa59000 JavaThread "C2 CompilerThread0" daemon [_thread_in_native, id=16344, stack(0x000000a804600000,0x000000a804700000)]
  0x0000020fdfa5d800 JavaThread "C1 CompilerThread0" daemon [_thread_blocked, id=16200, stack(0x000000a804700000,0x000000a804800000)]
  0x0000020fdfa69000 JavaThread "Sweeper thread" daemon [_thread_blocked, id=7800, stack(0x000000a804800000,0x000000a804900000)]
  0x0000020fe0500000 JavaThread "Common-Cleaner" daemon [_thread_blocked, id=19700, stack(0x000000a804a00000,0x000000a804b00000)]

Other Threads:
  0x0000020fdf9cc000 VMThread "VM Thread" [stack: 0x000000a804000000,0x000000a804100000] [id=6900]
  0x0000020fe04fb800 WatcherThread [stack: 0x000000a804900000,0x000000a804a00000] [id=18508]
  0x0000020fc642e000 GCTaskThread "GC Thread#0" [stack: 0x000000a803b00000,0x000000a803c00000] [id=2608]
  0x0000020fc6437000 ConcurrentGCThread "G1 Main Marker" [stack: 0x000000a803c00000,0x000000a803d00000] [id=19732]
  0x0000020fc6439800 ConcurrentGCThread "G1 Conc#0" [stack: 0x000000a803d00000,0x000000a803e00000] [id=4956]
  0x0000020fc649f800 ConcurrentGCThread "G1 Refine#0" [stack: 0x000000a803e00000,0x000000a803f00000] [id=8892]
  0x0000020fc64a2800 ConcurrentGCThread "G1 Young RemSet Sampling" [stack: 0x000000a803f00000,0x000000a804000000] [id=15432]

Threads with active compile tasks:
C2 CompilerThread0    776  637       4       java.util.zip.ZipFile$Source::getEntryPos (206 bytes)
C1 CompilerThread0    777  651       3       java.lang.invoke.MethodType::checkSlotCount (33 bytes)

VM state:not at safepoint (normal execution)

VM Mutex/Monitor currently owned by a thread: None

OutOfMemory and StackOverflow Exception counts:
OutOfMemoryError java_heap_errors=5
LinkageErrors=3

Heap address: 0x00000000fc000000, size: 64 MB, Compressed Oops mode: 32-bit
Narrow klass base: 0x0000000000000000, Narrow klass shift: 3
Compressed class space size: 1073741824 Address: 0x0000000100000000

Heap:
 garbage-first heap   total 65536K, used 17408K [0x00000000fc000000, 0x0000000100000000)
  region size 1024K, 16 young (16384K), 0 survivors (0K)
 Metaspace       used 8300K, capacity 8576K, committed 8832K, reserved 1060864K
  class space    used 766K, capacity 854K, committed 896K, reserved 1048576K
Heap Regions: E=young(eden), S=young(survivor), O=old, HS=humongous(starts), HC=humongous(continues), CS=collection set, F=free, A=archive, TAMS=top-at-mark-start (previous, next)
|   0|0x00000000fc000000, 0x00000000fc100000, 0x00000000fc100000|100%|HS|  |TAMS 0x00000000fc000000, 0x00000000fc000000| Complete 
|   1|0x00000000fc100000, 0x00000000fc200000, 0x00000000fc200000|100%|HC|  |TAMS 0x00000000fc100000, 0x00000000fc100000| Complete 
|   2|0x00000000fc200000, 0x00000000fc300000, 0x00000000fc300000|100%|HC|  |TAMS 0x00000000fc200000, 0x00000000fc200000| Complete 
|   3|0x00000000fc300000, 0x00000000fc300000, 0x00000000fc400000|  0%| F|  |TAMS 0x00000000fc300000, 0x00000000fc300000| Untracked 
|   4|0x00000000fc400000, 0x00000000fc400000, 0x00000000fc500000|  0%| F|  |TAMS 0x00000000fc400000, 0x00000000fc400000| Untracked 
|   5|0x00000000fc500000, 0x00000000fc500000, 0x00000000fc600000|  0%| F|  |TAMS 0x00000000fc500000, 0x00000000fc500000| Untracked 
|   6|0x00000000fc600000, 0x00000000fc600000, 0x00000000fc700000|  0%| F|  |TAMS 0x00000000fc600000, 0x00000000fc600000| Untracked 
|   7|0x00000000fc700000, 0x00000000fc700000, 0x00000000fc800000|  0%| F|  |TAMS 0x00000000fc700000, 0x00000000fc700000| Untracked 
|   8|0x00000000fc800000, 0x00000000fc800000, 0x00000000fc900000|  0%| F|  |TAMS 0x00000000fc800000, 0x00000000fc800000| Untracked 
|   9|0x00000000fc900000, 0x00000000fc900000, 0x00000000fca00000|  0%| F|  |TAMS 0x00000000fc900000, 0x00000000fc900000| Untracked 
|  10|0x00000000fca00000, 0x00000000fca00000, 0x00000000fcb00000|  0%| F|  |TAMS 0x00000000fca00000, 0x00000000fca00000| Untracked 
|  11|0x00000000fcb00000, 0x00000000fcb00000, 0x00000000fcc00000|  0%| F|  |TAMS 0x00000000fcb00000, 0x00000000fcb00000| Untracked 
|  12|0x00000000fcc00000, 0x00000000fcc00000, 0x00000000fcd00000|  0%| F|  |TAMS 0x00000000fcc00000, 0x00000000fcc00000| Untracked 
|  13|0x00000000fcd00000, 0x00000000fcd00000, 0x00000000fce00000|  0%| F|  |TAMS 0x00000000fcd00000, 0x00000000fcd00000| Untracked 
|  14|0x00000000fce00000, 0x00000000fce00000, 0x00000000fcf00000|  0%| F|  |TAMS 0x00000000fce00000, 0x00000000fce00000| Untracked 
|  15|0x00000000fcf00000, 0x00000000fcf00000, 0x00000000fd000000|  0%| F|  |TAMS 0x00000000fcf00000, 0x00000000fcf00000| Untracked 
|  16|0x00000000fd000000, 0x00000000fd000000, 0x00000000fd100000|  0%| F|  |TAMS 0x00000000fd000000, 0x00000000fd000000| Untracked 
|  17|0x00000000fd100000, 0x00000000fd100000, 0x00000000fd200000|  0%| F|  |TAMS 0x00000000fd100000, 0x00000000fd100000| Untracked 
|  18|0x00000000fd200000, 0x00000000fd200000, 0x00000000fd300000|  0%| F|  |TAMS 0x00000000fd200000, 0x00000000fd200000| Untracked 
|  19|0x00000000fd300000, 0x00000000fd300000, 0x00000000fd400000|  0%| F|  |TAMS 0x00000000fd300000, 0x00000000fd300000| Untracked 
|  20|0x00000000fd400000, 0x00000000fd400000, 0x00000000fd500000|  0%| F|  |TAMS 0x00000000fd400000, 0x00000000fd400000| Untracked 
|  21|0x00000000fd500000, 0x00000000fd500000, 0x00000000fd600000|  0%| F|  |TAMS 0x00000000fd500000, 0x00000000fd500000| Untracked 
|  22|0x00000000fd600000, 0x00000000fd600000, 0x00000000fd700000|  0%| F|  |TAMS 0x00000000fd600000, 0x00000000fd600000| Untracked 
|  23|0x00000000fd700000, 0x00000000fd700000, 0x00000000fd800000|  0%| F|  |TAMS 0x00000000fd700000, 0x00000000fd700000| Untracked 
|  24|0x00000000fd800000, 0x00000000fd800000, 0x00000000fd900000|  0%| F|  |TAMS 0x00000000fd800000, 0x00000000fd800000| Untracked 
|  25|0x00000000fd900000, 0x00000000fd900000, 0x00000000fda00000|  0%| F|  |TAMS 0x00000000fd900000, 0x00000000fd900000| Untracked 
|  26|0x00000000fda00000, 0x00000000fda00000, 0x00000000fdb00000|  0%| F|  |TAMS 0x00000000fda00000, 0x00000000fda00000| Untracked 
|  27|0x00000000fdb00000, 0x00000000fdb00000, 0x00000000fdc00000|  0%| F|  |TAMS 0x00000000fdb00000, 0x00000000fdb00000| Untracked 
|  28|0x00000000fdc00000, 0x00000000fdc00000, 0x00000000fdd00000|  0%| F|  |TAMS 0x00000000fdc00000, 0x00000000fdc00000| Untracked 
|  29|0x00000000fdd00000, 0x00000000fdd00000, 0x00000000fde00000|  0%| F|  |TAMS 0x00000000fdd00000, 0x00000000fdd00000| Untracked 
|  30|0x00000000fde00000, 0x00000000fde00000, 0x00000000fdf00000|  0%| F|  |TAMS 0x00000000fde00000, 0x00000000fde00000| Untracked 
|  31|0x00000000fdf00000, 0x00000000fdf00000, 0x00000000fe000000|  0%| F|  |TAMS 0x00000000fdf00000, 0x00000000fdf00000| Untracked 
|  32|0x00000000fe000000, 0x00000000fe000000, 0x00000000fe100000|  0%| F|  |TAMS 0x00000000fe000000, 0x00000000fe000000| Untracked 
|  33|0x00000000fe100000, 0x00000000fe100000, 0x00000000fe200000|  0%| F|  |TAMS 0x00000000fe100000, 0x00000000fe100000| Untracked 
|  34|0x00000000fe200000, 0x00000000fe200000, 0x00000000fe300000|  0%| F|  |TAMS 0x00000000fe200000, 0x00000000fe200000| Untracked 
|  35|0x00000000fe300000, 0x00000000fe300000, 0x00000000fe400000|  0%| F|  |TAMS 0x00000000fe300000, 0x00000000fe300000| Untracked 
|  36|0x00000000fe400000, 0x00000000fe400000, 0x00000000fe500000|  0%| F|  |TAMS 0x00000000fe400000, 0x00000000fe400000| Untracked 
|  37|0x00000000fe500000, 0x00000000fe500000, 0x00000000fe600000|  0%| F|  |TAMS 0x00000000fe500000, 0x00000000fe500000| Untracked 
|  38|0x00000000fe600000, 0x00000000fe600000, 0x00000000fe700000|  0%| F|  |TAMS 0x00000000fe600000, 0x00000000fe600000| Untracked 
|  39|0x00000000fe700000, 0x00000000fe700000, 0x00000000fe800000|  0%| F|  |TAMS 0x00000000fe700000, 0x00000000fe700000| Untracked 
|  40|0x00000000fe800000, 0x00000000fe800000, 0x00000000fe900000|  0%| F|  |TAMS 0x00000000fe800000, 0x00000000fe800000| Untracked 
|  41|0x00000000fe900000, 0x00000000fe900000, 0x00000000fea00000|  0%| F|  |TAMS 0x00000000fe900000, 0x00000000fe900000| Untracked 
|  42|0x00000000fea00000, 0x00000000fea00000, 0x00000000feb00000|  0%| F|  |TAMS 0x00000000fea00000, 0x00000000fea00000| Untracked 
|  43|0x00000000feb00000, 0x00000000feb00000, 0x00000000fec00000|  0%| F|  |TAMS 0x00000000feb00000, 0x00000000feb00000| Untracked 
|  44|0x00000000fec00000, 0x00000000fec00000, 0x00000000fed00000|  0%| F|  |TAMS 0x00000000fec00000, 0x00000000fec00000| Untracked 
|  45|0x00000000fed00000, 0x00000000fed00000, 0x00000000fee00000|  0%| F|  |TAMS 0x00000000fed00000, 0x00000000fed00000| Untracked 
|  46|0x00000000fee00000, 0x00000000fee00000, 0x00000000fef00000|  0%| F|  |TAMS 0x00000000fee00000, 0x00000000fee00000| Untracked 
|  47|0x00000000fef00000, 0x00000000fef00000, 0x00000000ff000000|  0%| F|  |TAMS 0x00000000fef00000, 0x00000000fef00000| Untracked 
|  48|0x00000000ff000000, 0x00000000ff0f64d0, 0x00000000ff100000| 96%| E|  |TAMS 0x00000000ff000000, 0x00000000ff000000| Complete 
|  49|0x00000000ff100000, 0x00000000ff200000, 0x00000000ff200000|100%| E|CS|TAMS 0x00000000ff100000, 0x00000000ff100000| Complete 
|  50|0x00000000ff200000, 0x00000000ff300000, 0x00000000ff300000|100%| E|CS|TAMS 0x00000000ff200000, 0x00000000ff200000| Complete 
|  51|0x00000000ff300000, 0x00000000ff400000, 0x00000000ff400000|100%| E|CS|TAMS 0x00000000ff300000, 0x00000000ff300000| Complete 
|  52|0x00000000ff400000, 0x00000000ff500000, 0x00000000ff500000|100%| E|CS|TAMS 0x00000000ff400000, 0x00000000ff400000| Complete 
|  53|0x00000000ff500000, 0x00000000ff600000, 0x00000000ff600000|100%| E|CS|TAMS 0x00000000ff500000, 0x00000000ff500000| Complete 
|  54|0x00000000ff600000, 0x00000000ff700000, 0x00000000ff700000|100%| E|CS|TAMS 0x00000000ff600000, 0x00000000ff600000| Complete 
|  55|0x00000000ff700000, 0x00000000ff800000, 0x00000000ff800000|100%| E|CS|TAMS 0x00000000ff700000, 0x00000000ff700000| Complete 
|  56|0x00000000ff800000, 0x00000000ff900000, 0x00000000ff900000|100%| E|  |TAMS 0x00000000ff800000, 0x00000000ff800000| Complete 
|  57|0x00000000ff900000, 0x00000000ffa00000, 0x00000000ffa00000|100%| E|CS|TAMS 0x00000000ff900000, 0x00000000ff900000| Complete 
|  58|0x00000000ffa00000, 0x00000000ffb00000, 0x00000000ffb00000|100%| E|CS|TAMS 0x00000000ffa00000, 0x00000000ffa00000| Complete 
|  59|0x00000000ffb00000, 0x00000000ffc00000, 0x00000000ffc00000|100%| E|CS|TAMS 0x00000000ffb00000, 0x00000000ffb00000| Complete 
|  60|0x00000000ffc00000, 0x00000000ffd00000, 0x00000000ffd00000|100%| E|CS|TAMS 0x00000000ffc00000, 0x00000000ffc00000| Complete 
|  61|0x00000000ffd00000, 0x00000000ffe00000, 0x00000000ffe00000|100%| E|CS|TAMS 0x00000000ffd00000, 0x00000000ffd00000| Complete 
|  62|0x00000000ffe00000, 0x00000000fff00000, 0x00000000fff00000|100%| E|CS|TAMS 0x00000000ffe00000, 0x00000000ffe00000| Complete 
|  63|0x00000000fff00000, 0x0000000100000000, 0x0000000100000000|100%| E|CS|TAMS 0x00000000fff00000, 0x00000000fff00000| Complete 

Card table byte_map: [0x0000020fc43a0000,0x0000020fc43c0000] _byte_map_base: 0x0000020fc3bc0000

Marking Bits (Prev, Next): (CMBitMap*) 0x0000020fc64346e8, (CMBitMap*) 0x0000020fc6434720
 Prev Bits: [0x0000020fdce00000, 0x0000020fdcf00000)
 Next Bits: [0x0000020fdcf00000, 0x0000020fdd000000)

Polling page: 0x0000020fc4350000

Metaspace:

Usage:
  Non-class:      7.54 MB capacity,     7.37 MB ( 98%) used,   169.84 KB (  2%) free+waste,     6.94 KB ( <1%) overhead. 
      Class:    856.00 KB capacity,   770.29 KB ( 90%) used,    82.40 KB ( 10%) free+waste,     3.31 KB ( <1%) overhead. 
       Both:      8.38 MB capacity,     8.12 MB ( 97%) used,   252.23 KB (  3%) free+waste,    10.25 KB ( <1%) overhead. 

Virtual space:
  Non-class space:       12.00 MB reserved,       7.75 MB ( 65%) committed 
      Class space:        1.00 GB reserved,     896.00 KB ( <1%) committed 
             Both:        1.01 GB reserved,       8.63 MB ( <1%) committed 

Chunk freelists:
   Non-Class:  2.25 KB
       Class:  896 bytes
        Both:  3.13 KB

CodeHeap 'non-profiled nmethods': size=120000Kb used=193Kb max_used=193Kb free=119807Kb
 bounds [0x0000020fd5590000, 0x0000020fd5800000, 0x0000020fdcac0000]
CodeHeap 'profiled nmethods': size=120000Kb used=1167Kb max_used=1167Kb free=118832Kb
 bounds [0x0000020fce060000, 0x0000020fce2d0000, 0x0000020fd5590000]
CodeHeap 'non-nmethods': size=5760Kb used=1063Kb max_used=1074Kb free=4696Kb
 bounds [0x0000020fcdac0000, 0x0000020fcdd30000, 0x0000020fce060000]
 total_blobs=1018 nmethods=657 adapters=273
 compilation: enabled
              stopped_count=0, restarted_count=0
 full_count=0

Compilation events (10 events):
Event: 0.730 Thread 0x0000020fdfa5d800  632       3       jdk.internal.util.jar.JarIndex::get (49 bytes)
Event: 0.731 Thread 0x0000020fdfa5d800 nmethod 632 0x0000020fce172590 code [0x0000020fce1727c0, 0x0000020fce173068]
Event: 0.731 Thread 0x0000020fdfa5d800  634   !   3       jdk.internal.loader.URLClassPath$JarLoader::getResource (353 bytes)
Event: 0.734 Thread 0x0000020fdfa59000 nmethod 633 0x0000020fd55bfc90 code [0x0000020fd55bfe00, 0x0000020fd55bff78]
Event: 0.734 Thread 0x0000020fdfa5d800 nmethod 634 0x0000020fce173310 code [0x0000020fce1737e0, 0x0000020fce175b18]
Event: 0.735 Thread 0x0000020fdfa5d800  635       3       java.util.jar.JarFile$1::apply (9 bytes)
Event: 0.735 Thread 0x0000020fdfa5d800 nmethod 635 0x0000020fce176f10 code [0x0000020fce1770e0, 0x0000020fce177568]
Event: 0.735 Thread 0x0000020fdfa5d800  636       3       java.util.jar.JarFile$1::apply (13 bytes)
Event: 0.735 Thread 0x0000020fdfa59000  637       4       java.util.zip.ZipFile$Source::getEntryPos (206 bytes)
Event: 0.735 Thread 0x0000020fdfa5d800 nmethod 636 0x0000020fce177710 code [0x0000020fce1778c0, 0x0000020fce177be8]

GC Heap History (0 events):
No events

Deoptimization events (8 events):
Event: 0.111 Thread 0x0000020fc6419000 Uncommon trap: reason=unstable_if action=reinterpret pc=0x0000020fd55942fc method=java.lang.String.hashCode()I @ 14 c2
Event: 0.528 Thread 0x0000020fc6419000 Uncommon trap: reason=unstable_if action=reinterpret pc=0x0000020fd55a8888 method=java.util.regex.Pattern.append(II)V @ 6 c2
Event: 0.542 Thread 0x0000020fc6419000 Uncommon trap: reason=unstable_if action=reinterpret pc=0x0000020fd559fa60 method=java.util.zip.ZipFile$Source.checkUTF8([BII)V @ 12 c2
Event: 0.542 Thread 0x0000020fc6419000 Uncommon trap: reason=unstable_if action=reinterpret pc=0x0000020fd55b19ac method=java.util.zip.ZipFile$Source.isMetaName([BII)Z @ 57 c2
Event: 0.618 Thread 0x0000020fc6419000 Uncommon trap: reason=class_check action=maybe_recompile pc=0x0000020fd55b696c method=java.util.HashMap.putVal(ILjava/lang/Object;Ljava/lang/Object;ZZ)Ljava/lang/Object; @ 91 c2
Event: 0.643 Thread 0x0000020fc6419000 Uncommon trap: reason=class_check action=maybe_recompile pc=0x0000020fd55b696c method=java.util.HashMap.putVal(ILjava/lang/Object;Ljava/lang/Object;ZZ)Ljava/lang/Object; @ 91 c2
Event: 0.645 Thread 0x0000020fc6419000 Uncommon trap: reason=class_check action=maybe_recompile pc=0x0000020fd55b696c method=java.util.HashMap.putVal(ILjava/lang/Object;Ljava/lang/Object;ZZ)Ljava/lang/Object; @ 91 c2
Event: 0.694 Thread 0x0000020fc6419000 Uncommon trap: reason=class_check action=maybe_recompile pc=0x0000020fd55b69d8 method=java.util.HashMap.putVal(ILjava/lang/Object;Ljava/lang/Object;ZZ)Ljava/lang/Object; @ 203 c2

Classes redefined (0 events):
No events

Internal exceptions (8 events):
Event: 0.285 Thread 0x0000020fc6419000 Exception <a 'java/lang/NoSuchMethodError'{0x00000000ffc634c8}: java.lang.invoke.DirectMethodHandle$Holder.invokeStaticInit(Ljava/lang/Object;Ljava/lang/Object;)I> (0x00000000ffc634c8) thrown at [./open/src/hotspot/share/interpreter/linkResolver.cpp, line
Event: 0.333 Thread 0x0000020fc6419000 Exception <a 'java/lang/NoSuchMethodError'{0x00000000ffb36e98}: java.lang.invoke.DirectMethodHandle$Holder.invokeSpecial(Ljava/lang/Object;Ljava/lang/Object;Ljava/lang/Object;Ljava/lang/Object;)I> (0x00000000ffb36e98) thrown at [./open/src/hotspot/share/i
Event: 0.339 Thread 0x0000020fc6419000 Exception <a 'java/lang/NoSuchMethodError'{0x00000000ffb6f748}: java.lang.invoke.DirectMethodHandle$Holder.invokeSpecialIFC(Ljava/lang/Object;Ljava/lang/Object;I)I> (0x00000000ffb6f748) thrown at [./open/src/hotspot/share/interpreter/linkResolver.cpp, lin
Event: 0.727 Thread 0x0000020fc6419000 Exception <a 'java/lang/OutOfMemoryError'{0x00000000ff1e6900}> (0x00000000ff1e6900) thrown at [./open/src/hotspot/share/prims/jni.cpp, line 632]
Event: 0.727 Thread 0x0000020fc6419000 Exception <a 'java/lang/OutOfMemoryError'{0x00000000ff1e6900}> (0x00000000ff1e6900) thrown at [./open/src/hotspot/share/prims/jvm.cpp, line 1309]
Event: 0.728 Thread 0x0000020fc6419000 Exception <a 'java/lang/OutOfMemoryError'{0x00000000ff1e6900}> (0x00000000ff1e6900) thrown at [./open/src/hotspot/share/prims/jvm.cpp, line 1309]
Event: 0.728 Thread 0x0000020fc6419000 Exception <a 'java/lang/OutOfMemoryError'{0x00000000ff1e6900}> (0x00000000ff1e6900) thrown at [./open/src/hotspot/share/prims/jvm.cpp, line 1309]
Event: 0.728 Thread 0x0000020fc6419000 Exception <a 'java/lang/OutOfMemoryError'{0x00000000ff1e6900}> (0x00000000ff1e6900) thrown at [./open/src/hotspot/share/oops/instanceKlass.cpp, line 1024]

Events (10 events):
Event: 0.736 loading class org/gradle/execution/MultipleBuildFailures
Event: 0.736 loading class org/gradle/execution/MultipleBuildFailures done
Event: 0.737 loading class org/gradle/internal/exceptions/DefaultMultiCauseException
Event: 0.737 loading class org/gradle/internal/exceptions/DefaultMultiCauseException done
Event: 0.737 loading class org/gradle/internal/exceptions/MultiCauseException
Event: 0.737 loading class org/gradle/internal/exceptions/MultiCauseException done
Event: 0.737 loading class org/gradle/api/GradleException
Event: 0.737 loading class org/gradle/api/GradleException done
Event: 0.738 loading class org/gradle/internal/logging/text/StreamingStyledTextOutput
Event: 0.738 loading class org/gradle/internal/logging/text/StreamingStyledTextOutput done


Dynamic libraries:
0x00007ff7177e0000 - 0x00007ff7177ef000 	C:\Program Files\Java\jdk-11.0.15.1\bin\java.exe
0x00007ffa38750000 - 0x00007ffa38964000 	C:\WINDOWS\SYSTEM32\ntdll.dll
0x00007ffa37a80000 - 0x00007ffa37b43000 	C:\WINDOWS\System32\KERNEL32.DLL
0x00007ffa35b90000 - 0x00007ffa35f2c000 	C:\WINDOWS\System32\KERNELBASE.dll
0x00007ffa36440000 - 0x00007ffa36551000 	C:\WINDOWS\System32\ucrtbase.dll
0x00007ffa189c0000 - 0x00007ffa189d8000 	C:\Program Files\Java\jdk-11.0.15.1\bin\jli.dll
0x00007ffa15f20000 - 0x00007ffa15f35000 	C:\Program Files\Java\jdk-11.0.15.1\bin\VCRUNTIME140.dll
0x00007ffa36630000 - 0x00007ffa366de000 	C:\WINDOWS\System32\ADVAPI32.dll
0x00007ffa37f10000 - 0x00007ffa37fb7000 	C:\WINDOWS\System32\msvcrt.dll
0x00007ffa37e60000 - 0x00007ffa37f04000 	C:\WINDOWS\System32\sechost.dll
0x00007ffa37150000 - 0x00007ffa37265000 	C:\WINDOWS\System32\RPCRT4.dll
0x00007ffa36fa0000 - 0x00007ffa3714d000 	C:\WINDOWS\System32\USER32.dll
0x00007ffa36250000 - 0x00007ffa36276000 	C:\WINDOWS\System32\win32u.dll
0x00007ffa1fec0000 - 0x00007ffa2014e000 	C:\WINDOWS\WinSxS\amd64_microsoft.windows.common-controls_6595b64144ccf1df_6.0.22621.608_none_a9444ca7c10bb01d\COMCTL32.dll
0x00007ffa37c10000 - 0x00007ffa37c39000 	C:\WINDOWS\System32\GDI32.dll
0x00007ffa36320000 - 0x00007ffa36432000 	C:\WINDOWS\System32\gdi32full.dll
0x00007ffa36280000 - 0x00007ffa3631a000 	C:\WINDOWS\System32\msvcp_win.dll
0x00007ffa2e970000 - 0x00007ffa2e97a000 	C:\WINDOWS\SYSTEM32\VERSION.dll
0x00007ffa365f0000 - 0x00007ffa36622000 	C:\WINDOWS\System32\IMM32.DLL
0x00007ff9f7840000 - 0x00007ff9f78db000 	C:\Program Files\Java\jdk-11.0.15.1\bin\msvcp140.dll
0x00007ff9f1a10000 - 0x00007ff9f2526000 	C:\Program Files\Java\jdk-11.0.15.1\bin\server\jvm.dll
0x00007ffa37fc0000 - 0x00007ffa37fc8000 	C:\WINDOWS\System32\PSAPI.DLL
0x00007ffa2e980000 - 0x00007ffa2e9b4000 	C:\WINDOWS\SYSTEM32\WINMM.dll
0x00007ffa30e20000 - 0x00007ffa30e29000 	C:\WINDOWS\SYSTEM32\WSOCK32.dll
0x00007ffa38690000 - 0x00007ffa38701000 	C:\WINDOWS\System32\WS2_32.dll
0x00007ffa34be0000 - 0x00007ffa34bf8000 	C:\WINDOWS\SYSTEM32\kernel.appcore.dll
0x00007ffa1b740000 - 0x00007ffa1b750000 	C:\Program Files\Java\jdk-11.0.15.1\bin\verify.dll
0x00007ffa336c0000 - 0x00007ffa338ee000 	C:\WINDOWS\SYSTEM32\DBGHELP.DLL
0x00007ffa37fd0000 - 0x00007ffa3835a000 	C:\WINDOWS\System32\combase.dll
0x00007ffa36ec0000 - 0x00007ffa36f97000 	C:\WINDOWS\System32\OLEAUT32.dll
0x00007ffa291e0000 - 0x00007ffa29212000 	C:\WINDOWS\SYSTEM32\dbgcore.DLL
0x00007ffa35fa0000 - 0x00007ffa3601b000 	C:\WINDOWS\System32\bcryptPrimitives.dll
0x00007ffa0b770000 - 0x00007ffa0b798000 	C:\Program Files\Java\jdk-11.0.15.1\bin\java.dll
0x00007ffa1aee0000 - 0x00007ffa1aeea000 	C:\Program Files\Java\jdk-11.0.15.1\bin\jimage.dll
0x00007ffa11870000 - 0x00007ffa11886000 	C:\Program Files\Java\jdk-11.0.15.1\bin\zip.dll
0x00007ffa37290000 - 0x00007ffa37a7f000 	C:\WINDOWS\System32\SHELL32.dll
0x00007ffa33bb0000 - 0x00007ffa34478000 	C:\WINDOWS\SYSTEM32\windows.storage.dll
0x00007ffa33a70000 - 0x00007ffa33bae000 	C:\WINDOWS\SYSTEM32\wintypes.dll
0x00007ffa383c0000 - 0x00007ffa384b1000 	C:\WINDOWS\System32\SHCORE.dll
0x00007ffa36d10000 - 0x00007ffa36d6e000 	C:\WINDOWS\System32\shlwapi.dll
0x00007ffa35ac0000 - 0x00007ffa35ae1000 	C:\WINDOWS\SYSTEM32\profapi.dll
0x00007ffa117d0000 - 0x00007ffa117e9000 	C:\Program Files\Java\jdk-11.0.15.1\bin\net.dll
0x00007ffa2e280000 - 0x00007ffa2e3af000 	C:\WINDOWS\SYSTEM32\WINHTTP.dll
0x00007ffa35050000 - 0x00007ffa350b9000 	C:\WINDOWS\system32\mswsock.dll
0x00007ffa0abd0000 - 0x00007ffa0abe2000 	C:\Program Files\Java\jdk-11.0.15.1\bin\nio.dll

dbghelp: loaded successfully - version: 4.0.5 - missing functions: none
symbol engine: initialized successfully - sym options: 0x614 - pdb path: .;C:\Program Files\Java\jdk-11.0.15.1\bin;C:\WINDOWS\SYSTEM32;C:\WINDOWS\WinSxS\amd64_microsoft.windows.common-controls_6595b64144ccf1df_6.0.22621.608_none_a9444ca7c10bb01d;C:\Program Files\Java\jdk-11.0.15.1\bin\server

VM Arguments:
jvm_args: -Xmx64m -Xms64m -Dorg.gradle.appname=gradlew 
java_command: org.gradle.wrapper.GradleWrapperMain app:installDebug -PreactNativeDevServerPort=8081
java_class_path (initial): C:\Projeto Integrador Mobile M4\PI M4\GerenciadorDeRecompensasM4\android\\gradle\wrapper\gradle-wrapper.jar
Launcher Type: SUN_STANDARD

[Global flags]
     intx CICompilerCount                          = 4                                         {product} {ergonomic}
     uint ConcGCThreads                            = 2                                         {product} {ergonomic}
     uint G1ConcRefinementThreads                  = 8                                         {product} {ergonomic}
   size_t G1HeapRegionSize                         = 1048576                                   {product} {ergonomic}
    uintx GCDrainStackTargetSize                   = 64                                        {product} {ergonomic}
   size_t InitialHeapSize                          = 67108864                                  {product} {command line}
   size_t MarkStackSize                            = 4194304                                   {product} {ergonomic}
   size_t MaxHeapSize                              = 67108864                                  {product} {command line}
   size_t MaxNewSize                               = 39845888                                  {product} {ergonomic}
   size_t MinHeapDeltaBytes                        = 1048576                                   {product} {ergonomic}
    uintx NonNMethodCodeHeapSize                   = 5836300                                {pd product} {ergonomic}
    uintx NonProfiledCodeHeapSize                  = 122910970                              {pd product} {ergonomic}
    uintx ProfiledCodeHeapSize                     = 122910970                              {pd product} {ergonomic}
    uintx ReservedCodeCacheSize                    = 251658240                              {pd product} {ergonomic}
     bool SegmentedCodeCache                       = true                                      {product} {ergonomic}
     bool UseCompressedClassPointers               = true                                 {lp64_product} {ergonomic}
     bool UseCompressedOops                        = true                                 {lp64_product} {ergonomic}
     bool UseG1GC                                  = true                                      {product} {ergonomic}
     bool UseLargePagesIndividualAllocation        = false                                  {pd product} {ergonomic}

Logging:
Log output configuration:
 #0: stdout all=warning uptime,level,tags
 #1: stderr all=off uptime,level,tags

Environment Variables:
JAVA_HOME=C:\Program Files\Java\jdk-11.0.15.1
CLASSPATH=C:\Projeto Integrador Mobile M4\PI M4\GerenciadorDeRecompensasM4\android\\gradle\wrapper\gradle-wrapper.jar
PATH=C:\Projeto Integrador Mobile M4\PI M4\GerenciadorDeRecompensasM4\android\node_modules\.bin;C:\Projeto Integrador Mobile M4\PI M4\GerenciadorDeRecompensasM4\node_modules\.bin;C:\Projeto Integrador Mobile M4\PI M4\node_modules\.bin;C:\Projeto Integrador Mobile M4\node_modules\.bin;C:\node_modules\.bin;C:\Program Files\nodejs;C:\Projeto Integrador Mobile M4\PI M4\GerenciadorDeRecompensasM4\node_modules\.bin;C:\Projeto Integrador Mobile M4\PI M4\GerenciadorDeRecompensasM4\node_modules\.bin;C:\Projeto Integrador Mobile M4\PI M4\node_modules\.bin;C:\Projeto Integrador Mobile M4\node_modules\.bin;C:\node_modules\.bin;C:\Users\nikol\AppData\Roaming\npm\node_modules\npm\node_modules\@npmcli\run-script\lib\node-gyp-bin;C:\Program Files\Common Files\Oracle\Java\javapath;C:\Program Files\Eclipse Adoptium\jdk-11.0.15.10-hotspot\bin;C:\Windows\system32;C:\Windows;C:\Windows\System32\Wbem;C:\Windows\System32\WindowsPowerShell\v1.0\;C:\Windows\System32\OpenSSH\;C:\Program Files\Microsoft VS Code\bin;C:\Program Files\Git\cmd;C:\Users\nikol\AppData\Local\Android\Sdk\platform-tools;C:\Program Files\dotnet\;C:\Program Files\Microsoft SQL Server\150\Tools\Binn\;C:\Program Files\Microsoft SQL Server\Client SDK\ODBC\170\Tools\Binn\;C:\Program Files\nodejs\;%SystemRoot%\system32;%SystemRoot%;%SystemRoot%\System32\Wbem;%SYSTEMROOT%\System32\WindowsPowerShell\v1.0\;%SYSTEMROOT%\System32\OpenSSH\;C:\Users\nikol\AppData\Local\Microsoft\WindowsApps;C:\Users\nikol\AppData\Local\Android\Sdk\platform-tools;C:\Users\nikol\.dotnet\tools;C:\Users\nikol\AppData\Roaming\npm;C:\Program Files\West Wind WebSurge;
USERNAME=nikol
OS=Windows_NT
PROCESSOR_IDENTIFIER=AMD64 Family 23 Model 24 Stepping 1, AuthenticAMD



---------------  S Y S T E M  ---------------

OS: Windows 11 , 64 bit Build 22621 (10.0.22621.1194)

CPU:total 8 (initial active 8) (8 cores per cpu, 2 threads per core) family 23 model 24 stepping 1 microcode 0x0, cmov, cx8, fxsr, mmx, sse, sse2, sse3, ssse3, sse4.1, sse4.2, popcnt, avx, avx2, aes, clmul, mmxext, 3dnowpref, lzcnt, sse4a, ht, tsc, tscinvbit, tscinv, bmi1, bmi2, adx, s

Memory: 4k page, system-wide physical 6081M (289M free)
TotalPageFile size 12081M (AvailPageFile size 0M)
current process WorkingSet (physical memory assigned to process): 60M, peak: 60M
current process commit charge ("private bytes"): 148M, peak: 148M

vm_info: Java HotSpot(TM) 64-Bit Server VM (11.0.15.1+2-LTS-10) for windows-amd64 JRE (11.0.15.1+2-LTS-10), built on Apr 25 2022 21:51:57 by "mach5one" with MS VC++ 15.9 (VS2017)

END.
