#
# There is insufficient memory for the Java Runtime Environment to continue.
# Native memory allocation (mmap) failed to map 67108864 bytes for Failed to commit area from 0x00000000fc000000 to 0x0000000100000000 of length 67108864.
# Possible reasons:
#   The system is out of physical RAM or swap space
#   The process is running with CompressedOops enabled, and the Java Heap may be blocking the growth of the native heap
# Possible solutions:
#   Reduce memory load on the system
#   Increase physical memory or swap space
#   Check if swap backing store is full
#   Decrease Java heap size (-Xmx/-Xms)
#   Decrease number of Java threads
#   Decrease Java thread stack sizes (-Xss)
#   Set larger code cache with -XX:ReservedCodeCacheSize=
# This output file may be truncated or incomplete.
#
#  Out of Memory Error (./open/src/hotspot/os/windows/os_windows.cpp:3287), pid=20324, tid=1180
#
# JRE version:  (11.0.15.1+2) (build )
# Java VM: Java HotSpot(TM) 64-Bit Server VM (11.0.15.1+2-LTS-10, mixed mode, sharing, tiered, compressed oops, g1 gc, windows-amd64)
# No core dump will be written. Minidumps are not enabled by default on client versions of Windows
#

---------------  S U M M A R Y ------------

Command Line: -Xmx64m -Xms64m -Dorg.gradle.appname=gradlew org.gradle.wrapper.GradleWrapperMain app:installDebug -PreactNativeDevServerPort=8081

Host: AMD Ryzen 5 3500U with Radeon Vega Mobile Gfx  , 8 cores, 5G,  Windows 11 , 64 bit Build 22621 (10.0.22621.1194)
Time: Sat Mar 11 13:32:46 2023 Hora Padrão de Buenos Aires elapsed time: 0.021982 seconds (0d 0h 0m 0s)

---------------  T H R E A D  ---------------

Current thread (0x000002628e1f9000):  JavaThread "Unknown thread" [_thread_in_vm, id=1180, stack(0x000000ca28f00000,0x000000ca29000000)]

Stack: [0x000000ca28f00000,0x000000ca29000000]
Native frames: (J=compiled Java code, j=interpreted, Vv=VM code, C=native code)
V  [jvm.dll+0x629d8a]
V  [jvm.dll+0x7638ff]
V  [jvm.dll+0x764fa9]
V  [jvm.dll+0x765633]
V  [jvm.dll+0x23d9c8]
V  [jvm.dll+0x6270aa]
V  [jvm.dll+0x61be35]
V  [jvm.dll+0x2f27dc]
V  [jvm.dll+0x2f2662]
V  [jvm.dll+0x2f7386]
V  [jvm.dll+0x339d8f]
V  [jvm.dll+0x3397c0]
V  [jvm.dll+0x2cfdf8]
V  [jvm.dll+0x2d0f66]
V  [jvm.dll+0x73df07]
V  [jvm.dll+0x73f79f]
V  [jvm.dll+0x346ab9]
V  [jvm.dll+0x723810]
V  [jvm.dll+0x3b56cf]
V  [jvm.dll+0x3b77e1]
C  [jli.dll+0x5207]
C  [ucrtbase.dll+0x29363]
C  [KERNEL32.DLL+0x126bd]
C  [ntdll.dll+0x5dfb8]


---------------  P R O C E S S  ---------------

Threads class SMR info:
_java_thread_list=0x000002628c007cf0, length=0, elements={
}

Java Threads: ( => current thread )

Other Threads:
  0x000002628e20d800 GCTaskThread "GC Thread#0" [stack: 0x000000ca29000000,0x000000ca29100000] [id=18940]
  0x000002628e215000 ConcurrentGCThread "G1 Main Marker" [stack: 0x000000ca29100000,0x000000ca29200000] [id=15044]
  0x000002628e217000 ConcurrentGCThread "G1 Conc#0" [stack: 0x000000ca29200000,0x000000ca29300000] [id=2436]

[error occurred during error reporting (printing all threads), id 0xc0000005, EXCEPTION_ACCESS_VIOLATION (0xc0000005) at pc=0x00007ff9f1cef087]

VM state:not at safepoint (not fully initialized)

VM Mutex/Monitor currently owned by a thread:  ([mutex/lock_event])
[0x000002628e1f52b0] Heap_lock - owner thread: 0x000002628e1f9000

Heap address: 0x00000000fc000000, size: 64 MB, Compressed Oops mode: Non-zero based: 0x00000000fc000000
Narrow klass base: 0x0000000000000000, Narrow klass shift: 0

GC Heap History (0 events):
No events

Deoptimization events (0 events):
No events

Classes redefined (0 events):
No events

Internal exceptions (0 events):
No events

Events (0 events):
No events


Dynamic libraries:
0x00007ff7177e0000 - 0x00007ff7177ef000 	C:\Program Files\Java\jdk-11.0.15.1\bin\java.exe
0x00007ffa38750000 - 0x00007ffa38964000 	C:\WINDOWS\SYSTEM32\ntdll.dll
0x00007ffa37a80000 - 0x00007ffa37b43000 	C:\WINDOWS\System32\KERNEL32.DLL
0x00007ffa35b90000 - 0x00007ffa35f2c000 	C:\WINDOWS\System32\KERNELBASE.dll
0x00007ffa36440000 - 0x00007ffa36551000 	C:\WINDOWS\System32\ucrtbase.dll
0x00007ffa189c0000 - 0x00007ffa189d8000 	C:\Program Files\Java\jdk-11.0.15.1\bin\jli.dll
0x00007ffa15f20000 - 0x00007ffa15f35000 	C:\Program Files\Java\jdk-11.0.15.1\bin\VCRUNTIME140.dll
0x00007ffa36630000 - 0x00007ffa366de000 	C:\WINDOWS\System32\ADVAPI32.dll
0x00007ffa37f10000 - 0x00007ffa37fb7000 	C:\WINDOWS\System32\msvcrt.dll
0x00007ffa37e60000 - 0x00007ffa37f04000 	C:\WINDOWS\System32\sechost.dll
0x00007ffa37150000 - 0x00007ffa37265000 	C:\WINDOWS\System32\RPCRT4.dll
0x00007ffa36fa0000 - 0x00007ffa3714d000 	C:\WINDOWS\System32\USER32.dll
0x00007ffa1fec0000 - 0x00007ffa2014e000 	C:\WINDOWS\WinSxS\amd64_microsoft.windows.common-controls_6595b64144ccf1df_6.0.22621.608_none_a9444ca7c10bb01d\COMCTL32.dll
0x00007ffa36250000 - 0x00007ffa36276000 	C:\WINDOWS\System32\win32u.dll
0x00007ffa37c10000 - 0x00007ffa37c39000 	C:\WINDOWS\System32\GDI32.dll
0x00007ffa36320000 - 0x00007ffa36432000 	C:\WINDOWS\System32\gdi32full.dll
0x00007ffa36280000 - 0x00007ffa3631a000 	C:\WINDOWS\System32\msvcp_win.dll
0x00007ffa2e970000 - 0x00007ffa2e97a000 	C:\WINDOWS\SYSTEM32\VERSION.dll
0x00007ffa365f0000 - 0x00007ffa36622000 	C:\WINDOWS\System32\IMM32.DLL
0x00007ff9f7840000 - 0x00007ff9f78db000 	C:\Program Files\Java\jdk-11.0.15.1\bin\msvcp140.dll
0x00007ff9f1a10000 - 0x00007ff9f2526000 	C:\Program Files\Java\jdk-11.0.15.1\bin\server\jvm.dll
0x00007ffa37fc0000 - 0x00007ffa37fc8000 	C:\WINDOWS\System32\PSAPI.DLL
0x00007ffa30e20000 - 0x00007ffa30e29000 	C:\WINDOWS\SYSTEM32\WSOCK32.dll
0x00007ffa38690000 - 0x00007ffa38701000 	C:\WINDOWS\System32\WS2_32.dll
0x00007ffa2e980000 - 0x00007ffa2e9b4000 	C:\WINDOWS\SYSTEM32\WINMM.dll
0x00007ffa34be0000 - 0x00007ffa34bf8000 	C:\WINDOWS\SYSTEM32\kernel.appcore.dll
0x00007ffa1b740000 - 0x00007ffa1b750000 	C:\Program Files\Java\jdk-11.0.15.1\bin\verify.dll
0x00007ffa336c0000 - 0x00007ffa338ee000 	C:\WINDOWS\SYSTEM32\DBGHELP.DLL
0x00007ffa37fd0000 - 0x00007ffa3835a000 	C:\WINDOWS\System32\combase.dll
0x00007ffa36ec0000 - 0x00007ffa36f97000 	C:\WINDOWS\System32\OLEAUT32.dll
0x00007ffa291e0000 - 0x00007ffa29212000 	C:\WINDOWS\SYSTEM32\dbgcore.DLL
0x00007ffa35fa0000 - 0x00007ffa3601b000 	C:\WINDOWS\System32\bcryptPrimitives.dll
0x00007ffa0b770000 - 0x00007ffa0b798000 	C:\Program Files\Java\jdk-11.0.15.1\bin\java.dll
0x00007ffa1aee0000 - 0x00007ffa1aeea000 	C:\Program Files\Java\jdk-11.0.15.1\bin\jimage.dll
0x00007ffa11870000 - 0x00007ffa11886000 	C:\Program Files\Java\jdk-11.0.15.1\bin\zip.dll

dbghelp: loaded successfully - version: 4.0.5 - missing functions: none
symbol engine: initialized successfully - sym options: 0x614 - pdb path: .;C:\Program Files\Java\jdk-11.0.15.1\bin;C:\WINDOWS\SYSTEM32;C:\WINDOWS\WinSxS\amd64_microsoft.windows.common-controls_6595b64144ccf1df_6.0.22621.608_none_a9444ca7c10bb01d;C:\Program Files\Java\jdk-11.0.15.1\bin\server

VM Arguments:
jvm_args: -Xmx64m -Xms64m -Dorg.gradle.appname=gradlew 
java_command: org.gradle.wrapper.GradleWrapperMain app:installDebug -PreactNativeDevServerPort=8081
java_class_path (initial): C:\Projeto Integrador Mobile M4\PI M4\GerenciadorDeRecompensasM4\android\\gradle\wrapper\gradle-wrapper.jar
Launcher Type: SUN_STANDARD

[Global flags]
     intx CICompilerCount                          = 4                                         {product} {ergonomic}
     uint ConcGCThreads                            = 2                                         {product} {ergonomic}
     uint G1ConcRefinementThreads                  = 8                                         {product} {ergonomic}
   size_t G1HeapRegionSize                         = 1048576                                   {product} {ergonomic}
    uintx GCDrainStackTargetSize                   = 64                                        {product} {ergonomic}
   size_t InitialHeapSize                          = 67108864                                  {product} {command line}
   size_t MarkStackSize                            = 4194304                                   {product} {ergonomic}
   size_t MaxHeapSize                              = 67108864                                  {product} {command line}
   size_t MinHeapDeltaBytes                        = 1048576                                   {product} {ergonomic}
    uintx NonNMethodCodeHeapSize                   = 5836300                                {pd product} {ergonomic}
    uintx NonProfiledCodeHeapSize                  = 122910970                              {pd product} {ergonomic}
    uintx ProfiledCodeHeapSize                     = 122910970                              {pd product} {ergonomic}
    uintx ReservedCodeCacheSize                    = 251658240                              {pd product} {ergonomic}
     bool SegmentedCodeCache                       = true                                      {product} {ergonomic}
     bool UseCompressedClassPointers               = true                                 {lp64_product} {ergonomic}
     bool UseCompressedOops                        = true                                 {lp64_product} {ergonomic}
     bool UseG1GC                                  = true                                      {product} {ergonomic}
     bool UseLargePagesIndividualAllocation        = false                                  {pd product} {ergonomic}

Logging:
Log output configuration:
 #0: stdout all=warning uptime,level,tags
 #1: stderr all=off uptime,level,tags

Environment Variables:
JAVA_HOME=C:\Program Files\Java\jdk-11.0.15.1
CLASSPATH=C:\Projeto Integrador Mobile M4\PI M4\GerenciadorDeRecompensasM4\android\\gradle\wrapper\gradle-wrapper.jar
PATH=C:\Projeto Integrador Mobile M4\PI M4\GerenciadorDeRecompensasM4\android\node_modules\.bin;C:\Projeto Integrador Mobile M4\PI M4\GerenciadorDeRecompensasM4\node_modules\.bin;C:\Projeto Integrador Mobile M4\PI M4\node_modules\.bin;C:\Projeto Integrador Mobile M4\node_modules\.bin;C:\node_modules\.bin;C:\Program Files\nodejs;C:\Projeto Integrador Mobile M4\PI M4\GerenciadorDeRecompensasM4\node_modules\.bin;C:\Projeto Integrador Mobile M4\PI M4\GerenciadorDeRecompensasM4\node_modules\.bin;C:\Projeto Integrador Mobile M4\PI M4\node_modules\.bin;C:\Projeto Integrador Mobile M4\node_modules\.bin;C:\node_modules\.bin;C:\Users\nikol\AppData\Roaming\npm\node_modules\npm\node_modules\@npmcli\run-script\lib\node-gyp-bin;C:\Program Files\Common Files\Oracle\Java\javapath;C:\Program Files\Eclipse Adoptium\jdk-11.0.15.10-hotspot\bin;C:\Windows\system32;C:\Windows;C:\Windows\System32\Wbem;C:\Windows\System32\WindowsPowerShell\v1.0\;C:\Windows\System32\OpenSSH\;C:\Program Files\Microsoft VS Code\bin;C:\Program Files\Git\cmd;C:\Users\nikol\AppData\Local\Android\Sdk\platform-tools;C:\Program Files\dotnet\;C:\Program Files\Microsoft SQL Server\150\Tools\Binn\;C:\Program Files\Microsoft SQL Server\Client SDK\ODBC\170\Tools\Binn\;C:\Program Files\nodejs\;%SystemRoot%\system32;%SystemRoot%;%SystemRoot%\System32\Wbem;%SYSTEMROOT%\System32\WindowsPowerShell\v1.0\;%SYSTEMROOT%\System32\OpenSSH\;C:\Users\nikol\AppData\Local\Microsoft\WindowsApps;C:\Users\nikol\AppData\Local\Android\Sdk\platform-tools;C:\Users\nikol\.dotnet\tools;C:\Users\nikol\AppData\Roaming\npm;C:\Program Files\West Wind WebSurge;
USERNAME=nikol
OS=Windows_NT
PROCESSOR_IDENTIFIER=AMD64 Family 23 Model 24 Stepping 1, AuthenticAMD



---------------  S Y S T E M  ---------------

OS: Windows 11 , 64 bit Build 22621 (10.0.22621.1194)

CPU:total 8 (initial active 8) (8 cores per cpu, 2 threads per core) family 23 model 24 stepping 1 microcode 0x0, cmov, cx8, fxsr, mmx, sse, sse2, sse3, ssse3, sse4.1, sse4.2, popcnt, avx, avx2, aes, clmul, mmxext, 3dnowpref, lzcnt, sse4a, ht, tsc, tscinvbit, tscinv, bmi1, bmi2, adx, s

Memory: 4k page, system-wide physical 6081M (431M free)
TotalPageFile size 12081M (AvailPageFile size 29M)
current process WorkingSet (physical memory assigned to process): 11M, peak: 11M
current process commit charge ("private bytes"): 59M, peak: 123M

vm_info: Java HotSpot(TM) 64-Bit Server VM (11.0.15.1+2-LTS-10) for windows-amd64 JRE (11.0.15.1+2-LTS-10), built on Apr 25 2022 21:51:57 by "mach5one" with MS VC++ 15.9 (VS2017)

END.
